0 info it worked if it ends with ok
1 verbose cli [ 'C:\\Program Files\\nodejs\\node.exe',
1 verbose cli   'C:\\Program Files\\nodejs\\node_modules\\npm\\bin\\npm-cli.js',
1 verbose cli   'run',
1 verbose cli   'test' ]
2 info using npm@3.10.10
3 info using node@v6.11.2
4 verbose run-script [ 'pretest', 'test', 'posttest' ]
5 info lifecycle pair-session-template@1.0.0~pretest: pair-session-template@1.0.0
6 silly lifecycle pair-session-template@1.0.0~pretest: no script for pretest, continuing
7 info lifecycle pair-session-template@1.0.0~test: pair-session-template@1.0.0
8 verbose lifecycle pair-session-template@1.0.0~test: unsafe-perm in lifecycle true
9 verbose lifecycle pair-session-template@1.0.0~test: PATH: C:\Program Files\nodejs\node_modules\npm\bin\node-gyp-bin;C:\Users\Christopher\Source\Repos\pair-session-christopher-escalon\node_modules\.bin;C:\Windows\system32;C:\Windows;C:\Windows\System32\Wbem;C:\Windows\System32\WindowsPowerShell\v1.0\;C:\Program Files\Microsoft SQL Server\130\Tools\Binn\;C:\Program Files\dotnet\;C:\Program Files\TortoiseGit\bin;C:\Program Files\Git\cmd;C:\Program Files\nodejs\;C:\Users\Christopher\AppData\Local\Microsoft\WindowsApps;C:\Users\Christopher\AppData\Roaming\npm;C:\Program Files\Microsoft VS Code\bin
10 verbose lifecycle pair-session-template@1.0.0~test: CWD: C:\Users\Christopher\Source\Repos\pair-session-christopher-escalon
11 silly lifecycle pair-session-template@1.0.0~test: Args: [ '/d /s /c', 'npm run build && mocha out/test' ]
12 silly lifecycle pair-session-template@1.0.0~test: Returned: code: 1  signal: null
13 info lifecycle pair-session-template@1.0.0~test: Failed to exec test script
14 verbose stack Error: pair-session-template@1.0.0 test: `npm run build && mocha out/test`
14 verbose stack Exit status 1
14 verbose stack     at EventEmitter.<anonymous> (C:\Program Files\nodejs\node_modules\npm\lib\utils\lifecycle.js:255:16)
14 verbose stack     at emitTwo (events.js:106:13)
14 verbose stack     at EventEmitter.emit (events.js:191:7)
14 verbose stack     at ChildProcess.<anonymous> (C:\Program Files\nodejs\node_modules\npm\lib\utils\spawn.js:40:14)
14 verbose stack     at emitTwo (events.js:106:13)
14 verbose stack     at ChildProcess.emit (events.js:191:7)
14 verbose stack     at maybeClose (internal/child_process.js:891:16)
14 verbose stack     at Process.ChildProcess._handle.onexit (internal/child_process.js:226:5)
15 verbose pkgid pair-session-template@1.0.0
16 verbose cwd C:\Users\Christopher\Source\Repos\pair-session-christopher-escalon
17 error Windows_NT 10.0.15063
18 error argv "C:\\Program Files\\nodejs\\node.exe" "C:\\Program Files\\nodejs\\node_modules\\npm\\bin\\npm-cli.js" "run" "test"
19 error node v6.11.2
20 error npm  v3.10.10
21 error code ELIFECYCLE
22 error pair-session-template@1.0.0 test: `npm run build && mocha out/test`
22 error Exit status 1
23 error Failed at the pair-session-template@1.0.0 test script 'npm run build && mocha out/test'.
23 error Make sure you have the latest version of node.js and npm installed.
23 error If you do, this is most likely a problem with the pair-session-template package,
23 error not with npm itself.
23 error Tell the author that this fails on your system:
23 error     npm run build && mocha out/test
23 error You can get information on how to open an issue for this project with:
23 error     npm bugs pair-session-template
23 error Or if that isn't available, you can get their info via:
23 error     npm owner ls pair-session-template
23 error There is likely additional logging output above.
24 verbose exit [ 1, true ]
